<?xml version="1.0" encoding="UTF-8"?>
<!-- Generated by org.testng.reporters.JUnitReportReporter -->
<testsuite hostname="LAPTOP-D142S9QQ" name="com.flipkart.qa.testCases.LoginPageTest" tests="3" failures="0" timestamp="4 Aug 2020 21:34:15 GMT" time="28.096" errors="0">
  <testcase name="loginPageTitleTest" time="9.287" classname="com.flipkart.qa.testCases.LoginPageTest"/>
  <testcase name="flipkartLogoTest" time="10.022" classname="com.flipkart.qa.testCases.LoginPageTest"/>
  <testcase name="loginTest" time="8.787" classname="com.flipkart.qa.testCases.LoginPageTest"/>
</testsuite> <!-- com.flipkart.qa.testCases.LoginPageTest -->
