<?xml version="1.0" encoding="UTF-8"?>
<!-- Generated by org.testng.reporters.JUnitReportReporter -->
<testsuite hostname="LAPTOP-D142S9QQ" name="com.flipkart.qa.testCases.LoginPageTest" tests="3" failures="0" timestamp="7 Aug 2020 09:27:53 GMT" time="5.597" errors="0">
  <testcase name="flipkartLogoTest" time="0.105" classname="com.flipkart.qa.testCases.LoginPageTest"/>
  <testcase name="loginTest" time="5.474" classname="com.flipkart.qa.testCases.LoginPageTest"/>
  <testcase name="loginPageTitleTest" time="0.018" classname="com.flipkart.qa.testCases.LoginPageTest"/>
</testsuite> <!-- com.flipkart.qa.testCases.LoginPageTest -->
