<?xml version="1.0" encoding="UTF-8"?>
<!-- Generated by org.testng.reporters.JUnitReportReporter -->
<testsuite hostname="LAPTOP-D142S9QQ" name="com.flipkart.qa.testCases.SearchPageTest" tests="3" failures="0" timestamp="4 Aug 2020 08:23:52 GMT" time="14.903" errors="0">
  <testcase name="login" time="0.522" classname="com.flipkart.qa.testCases.SearchPageTest"/>
  <testcase name="searchForCameraToPurchase" time="12.784" classname="com.flipkart.qa.testCases.SearchPageTest"/>
  <testcase name="HomepageTest" time="1.597" classname="com.flipkart.qa.testCases.SearchPageTest"/>
</testsuite> <!-- com.flipkart.qa.testCases.SearchPageTest -->
