<?xml version="1.0" encoding="UTF-8"?>
<!-- Generated by org.testng.reporters.JUnitReportReporter -->
<testsuite hostname="LAPTOP-D142S9QQ" name="com.flipkart.qa.testCases.LoginPageTest" tests="3" failures="0" timestamp="3 Aug 2020 18:48:58 GMT" time="27.351" errors="0">
  <testcase name="loginTest" time="8.618" classname="com.flipkart.qa.testCases.LoginPageTest"/>
  <testcase name="flipkartLogoTest" time="8.281" classname="com.flipkart.qa.testCases.LoginPageTest"/>
  <testcase name="loginPageTitleTest" time="10.452" classname="com.flipkart.qa.testCases.LoginPageTest"/>
</testsuite> <!-- com.flipkart.qa.testCases.LoginPageTest -->
