<?xml version="1.0" encoding="UTF-8"?>
<!-- Generated by org.testng.reporters.JUnitReportReporter -->
<testsuite hostname="LAPTOP-D142S9QQ" name="com.flipkart.qa.testCases.SearchPageTest" tests="3" failures="0" timestamp="4 Aug 2020 21:35:14 GMT" time="5.026" errors="0">
  <testcase name="searchForCameraToPurchase" time="3.363" classname="com.flipkart.qa.testCases.SearchPageTest"/>
  <testcase name="login" time="0.584" classname="com.flipkart.qa.testCases.SearchPageTest"/>
  <testcase name="HomepageTest" time="1.079" classname="com.flipkart.qa.testCases.SearchPageTest"/>
</testsuite> <!-- com.flipkart.qa.testCases.SearchPageTest -->
