<?xml version="1.0" encoding="UTF-8"?>
<!-- Generated by org.testng.reporters.JUnitReportReporter -->
<testsuite hostname="LAPTOP-D142S9QQ" name="com.flipkart.qa.testCases.PaymentPageTest" tests="2" failures="0" timestamp="2 Aug 2020 19:46:58 GMT" time="12.502" errors="0">
  <testcase name="VerifyCameraDetailsOnSummaryPage" time="11.566" classname="com.flipkart.qa.testCases.PaymentPageTest"/>
  <testcase name="HomepageTest" time="0.936" classname="com.flipkart.qa.testCases.PaymentPageTest"/>
</testsuite> <!-- com.flipkart.qa.testCases.PaymentPageTest -->
