<?xml version="1.0" encoding="UTF-8"?>
<!-- Generated by org.testng.reporters.JUnitReportReporter -->
<testsuite hostname="LAPTOP-D142S9QQ" name="com.flipkart.qa.testCases.LoginToFlipkartWithDataProvider" tests="1" failures="0" timestamp="3 Aug 2020 21:37:14 GMT" time="14.334" errors="0">
  <testcase name="login" time="14.334" classname="com.flipkart.qa.testCases.LoginToFlipkartWithDataProvider"/>
</testsuite> <!-- com.flipkart.qa.testCases.LoginToFlipkartWithDataProvider -->
