<?xml version="1.0" encoding="UTF-8"?>
<!-- Generated by org.testng.reporters.JUnitReportReporter -->
<testsuite hostname="LAPTOP-D142S9QQ" name="com.flipkart.qa.testCases.HomePageTest" tests="1" failures="0" timestamp="12 Aug 2020 07:44:33 GMT" time="21.511" errors="0">
  <testcase name="login" time="21.511" classname="com.flipkart.qa.testCases.HomePageTest"/>
</testsuite> <!-- com.flipkart.qa.testCases.HomePageTest -->
