<?xml version="1.0" encoding="UTF-8"?>
<!-- Generated by org.testng.reporters.JUnitReportReporter -->
<testsuite hostname="LAPTOP-D142S9QQ" name="com.flipkart.qa.testCases.PaymentPageTest" tests="3" failures="0" timestamp="4 Aug 2020 21:31:18 GMT" time="7.706" errors="0">
  <testcase name="clickOnBuyNowAndVerifyDetailsOnCheckoutPage" time="5.983" classname="com.flipkart.qa.testCases.PaymentPageTest"/>
  <testcase name="loginTest" time="0.570" classname="com.flipkart.qa.testCases.PaymentPageTest"/>
  <testcase name="HomepageTest" time="1.153" classname="com.flipkart.qa.testCases.PaymentPageTest"/>
</testsuite> <!-- com.flipkart.qa.testCases.PaymentPageTest -->
