<?xml version="1.0" encoding="UTF-8"?>
<!-- Generated by org.testng.reporters.JUnitReportReporter -->
<testsuite hostname="LAPTOP-D142S9QQ" name="com.flipkart.qa.testCases.LoginPageTest" tests="3" failures="0" timestamp="28 Jul 2020 08:58:59 GMT" time="26.331" errors="0">
  <testcase name="loginTest" time="8.826" classname="com.flipkart.qa.testCases.LoginPageTest"/>
  <testcase name="loginPageTitleTest" time="9.088" classname="com.flipkart.qa.testCases.LoginPageTest"/>
  <testcase name="flipkartLogoTest" time="8.417" classname="com.flipkart.qa.testCases.LoginPageTest"/>
</testsuite> <!-- com.flipkart.qa.testCases.LoginPageTest -->
