<?xml version="1.0" encoding="UTF-8"?>
<!-- Generated by org.testng.reporters.JUnitReportReporter -->
<testsuite hostname="LAPTOP-D142S9QQ" name="com.flipkart.qa.testCases.HomePageTest" tests="1" failures="0" timestamp="28 Jul 2020 08:58:59 GMT" time="19.106" errors="0">
  <testcase name="searchForSomethingToBuy" time="19.106" classname="com.flipkart.qa.testCases.HomePageTest"/>
</testsuite> <!-- com.flipkart.qa.testCases.HomePageTest -->
