<?xml version="1.0" encoding="UTF-8"?>
<!-- Generated by org.testng.reporters.JUnitReportReporter -->
<testsuite hostname="LAPTOP-D142S9QQ" name="com.flipkart.qa.testCases.PaymentPageTest" tests="3" failures="0" timestamp="22 Aug 2020 13:54:41 GMT" time="6.626" errors="0">
  <testcase name="loginTest" time="0.053" classname="com.flipkart.qa.testCases.PaymentPageTest"/>
  <testcase name="clickOnBuyNowAndVerifyDetailsOnCheckoutPage" time="5.595" classname="com.flipkart.qa.testCases.PaymentPageTest"/>
  <testcase name="HomepageTest" time="0.978" classname="com.flipkart.qa.testCases.PaymentPageTest"/>
</testsuite> <!-- com.flipkart.qa.testCases.PaymentPageTest -->
