<?xml version="1.0" encoding="UTF-8"?>
<!-- Generated by org.testng.reporters.JUnitReportReporter -->
<testsuite hostname="LAPTOP-D142S9QQ" name="com.flipkart.qa.testCases.PaymentPageTest" tests="3" failures="0" timestamp="3 Aug 2020 22:10:26 GMT" time="42.330" errors="0">
  <testcase name="searchForItemToBuy" time="10.771" classname="com.flipkart.qa.testCases.PaymentPageTest"/>
  <testcase name="clickOnBuyNowAndVerifyDetailsOnCheckoutPage" time="21.829" classname="com.flipkart.qa.testCases.PaymentPageTest"/>
  <testcase name="HomepageTest" time="9.730" classname="com.flipkart.qa.testCases.PaymentPageTest"/>
</testsuite> <!-- com.flipkart.qa.testCases.PaymentPageTest -->
