<?xml version="1.0" encoding="UTF-8"?>
<!-- Generated by org.testng.reporters.JUnitReportReporter -->
<testsuite hostname="LAPTOP-D142S9QQ" name="com.flipkart.qa.testCases.HomePageTest" tests="4" failures="0" timestamp="4 Aug 2020 08:43:18 GMT" time="1.882" errors="0">
  <testcase name="login" time="0.400" classname="com.flipkart.qa.testCases.HomePageTest"/>
  <testcase name="searchForSomethingToBuy" time="0.364" classname="com.flipkart.qa.testCases.HomePageTest"/>
  <testcase name="verifyHomePageExploreLogo" time="0.038" classname="com.flipkart.qa.testCases.HomePageTest"/>
  <testcase name="verifyMyAccount" time="1.080" classname="com.flipkart.qa.testCases.HomePageTest"/>
</testsuite> <!-- com.flipkart.qa.testCases.HomePageTest -->
