<?xml version="1.0" encoding="UTF-8"?>
<!-- Generated by org.testng.reporters.JUnitReportReporter -->
<testsuite hostname="LAPTOP-D142S9QQ" name="com.flipkart.qa.testCases.LoginPageTest" tests="3" failures="0" timestamp="4 Aug 2020 08:41:56 GMT" time="25.104" errors="0">
  <testcase name="flipkartLogoTest" time="8.889" classname="com.flipkart.qa.testCases.LoginPageTest"/>
  <testcase name="loginTest" time="8.217" classname="com.flipkart.qa.testCases.LoginPageTest"/>
  <testcase name="loginPageTitleTest" time="7.998" classname="com.flipkart.qa.testCases.LoginPageTest"/>
</testsuite> <!-- com.flipkart.qa.testCases.LoginPageTest -->
